/eda/synopsys/syn/auxx/gui/dv/dv_setup.tcl
/eda/synopsys/syn/auxx/gui/syn/snpsSynProcs.tcl
/eda/synopsys/syn/auxx/gui/syn/layout/pkgIndex.tcl
/eda/synopsys/syn/auxx/gui/common/3dic/pkgIndex.tcl
/eda/synopsys/syn/auxx/gui/common/3dlayout/pkgIndex.tcl
/eda/synopsys/syn/auxx/gui/common/3dmodel/pkgIndex.tcl
/eda/synopsys/syn/auxx/gui/common/WindowFrameWork/pkgIndex.tcl
/eda/synopsys/syn/auxx/gui/common/acg/pkgIndex.tcl
/eda/synopsys/syn/auxx/gui/common/commandform/pkgIndex.tcl
/eda/synopsys/syn/auxx/gui/common/dialogs/pkgIndex.tcl
/eda/synopsys/syn/auxx/gui/common/docBrowser/pkgIndex.tcl
/eda/synopsys/syn/auxx/gui/common/hierAttrView/pkgIndex.tcl
/eda/synopsys/syn/auxx/gui/common/hierarchy/pkgIndex.tcl
/eda/synopsys/syn/auxx/gui/common/highlight/pkgIndex.tcl
/eda/synopsys/syn/auxx/gui/common/histogram/pkgIndex.tcl
/eda/synopsys/syn/auxx/gui/common/layout/pkgIndex.tcl
/eda/synopsys/syn/auxx/gui/common/libviewer/pkgIndex.tcl
/eda/synopsys/syn/auxx/gui/common/menus/pkgIndex.tcl
/eda/synopsys/syn/auxx/gui/common/misc/pkgIndex.tcl
/eda/synopsys/syn/auxx/gui/common/mrupalette/pkgIndex.tcl
/eda/synopsys/syn/auxx/gui/common/opdlg/pkgIndex.tcl
/eda/synopsys/syn/auxx/gui/common/palettegroup/pkgIndex.tcl
/eda/synopsys/syn/auxx/gui/common/propertyEditor/pkgIndex.tcl
/eda/synopsys/syn/auxx/gui/common/qtcl/pkgIndex.tcl
/eda/synopsys/syn/auxx/gui/common/regressionToolkit/pkgIndex.tcl
/eda/synopsys/syn/auxx/gui/common/rtlxref/pkgIndex.tcl
/eda/synopsys/syn/auxx/gui/common/schematic/pkgIndex.tcl
/eda/synopsys/syn/auxx/gui/common/select/pkgIndex.tcl
/eda/synopsys/syn/auxx/gui/common/setup/pkgIndex.tcl
/eda/synopsys/syn/auxx/gui/common/strokes/pkgIndex.tcl
/eda/synopsys/syn/auxx/gui/common/table/pkgIndex.tcl
/eda/synopsys/syn/auxx/gui/common/taskassistant/pkgIndex.tcl
/eda/synopsys/syn/auxx/gui/common/tcl-dp/pkgIndex.tcl
/eda/synopsys/syn/auxx/gui/common/tiledview/pkgIndex.tcl
/eda/synopsys/syn/auxx/gui/common/timing/pkgIndex.tcl
/eda/synopsys/syn/auxx/gui/common/tq/pkgIndex.tcl
/eda/synopsys/syn/auxx/gui/common/utable/pkgIndex.tcl
/eda/synopsys/syn/auxx/gui/common/view/pkgIndex.tcl
/eda/synopsys/syn/auxx/gui/dv/pkgIndex.tcl
/eda/synopsys/syn/auxx/syn/lib/pkgIndex.tcl
/eda/synopsys/syn/auxx/tcllib/lib/itcl4.2.1/pkgIndex.tcl
/eda/synopsys/syn/auxx/tcllib/lib/iwidgets4.1/pkgIndex.tcl
/eda/synopsys/syn/auxx/tcllib/snps_tcl/snpsTclPro/pkgIndex.tcl
/eda/synopsys/syn/auxx/tcllib/snps_tcl/snpsTest/pkgIndex.tcl
/eda/synopsys/syn/auxx/tcllib/snps_tcl/snpsUtils/pkgIndex.tcl
/eda/synopsys/syn/auxx/tcllib/snps_tcl/pkgIndex.tcl
/eda/synopsys/syn/auxx/tcllib/lib/tcl8.6/dde/pkgIndex.tcl
/eda/synopsys/syn/auxx/tcllib/lib/tcl8.6/http/pkgIndex.tcl
/eda/synopsys/syn/auxx/tcllib/lib/tcl8.6/http1.0/pkgIndex.tcl
/eda/synopsys/syn/auxx/tcllib/lib/tcl8.6/msgcat/pkgIndex.tcl
/eda/synopsys/syn/auxx/tcllib/lib/tcl8.6/opt/pkgIndex.tcl
/eda/synopsys/syn/auxx/tcllib/lib/tcl8.6/platform/pkgIndex.tcl
/eda/synopsys/syn/auxx/tcllib/lib/tcl8.6/reg/pkgIndex.tcl
/eda/synopsys/syn/auxx/tcllib/lib/tcl8.6/tcltest/pkgIndex.tcl
/eda/synopsys/syn/auxx/gui/common/setup/snpsCommonSetup.tcl
/eda/synopsys/syn/auxx/gui/common/setup/snpsCustomize.tcl
/eda/synopsys/syn/auxx/gui/common/setup/snpsProcheck.tcl
/eda/synopsys/syn/auxx/gui/common/misc/base.tcl
/eda/synopsys/syn/auxx/gui/common/misc/timing.tcl
/eda/synopsys/syn/auxx/gui/common/misc/setting.tcl
/eda/synopsys/syn/auxx/gui/common/misc/preset.tcl
/eda/synopsys/syn/auxx/gui/common/WindowFrameWork/windowFrameWork.tcl
/eda/synopsys/syn/auxx/gui/common/WindowFrameWork/skipBusyCursorCmdList.tcl
/eda/synopsys/syn/auxx/gui/common/qtcl/.synopsys_qtcl.tcl
/eda/synopsys/syn/auxx/gui/common/highlight/highlight.tcl
/eda/synopsys/syn/auxx/gui/common/palettegroup/palettegroup.tcl
/eda/synopsys/syn/auxx/gui/common/commandform/commandform.tcl
/eda/synopsys/syn/auxx/gui/common/tiledview/tiledview.tcl
/eda/synopsys/syn/auxx/gui/common/docBrowser/docBrowser.tcl
/eda/synopsys/syn/auxx/tcllib/snps_tcl/snpsUtils/snpsUtils.tcl
/eda/synopsys/syn/auxx/gui/common/dialogs/ObjectChooser.tcl
/eda/synopsys/syn/auxx/gui/common/misc/DialogObjectChooser.tcl
/eda/synopsys/syn/auxx/gui/common/dialogs/HistBinInformation.tcl
/eda/synopsys/syn/auxx/gui/common/dialogs/HistBin1Information.tcl
/eda/synopsys/syn/auxx/gui/common/dialogs/BinsOnlyInformation.tcl
/eda/synopsys/syn/auxx/gui/common/dialogs/FileChooser.tcl
/eda/synopsys/syn/auxx/gui/common/dialogs/PathPinSimpleInfo.tcl
/eda/synopsys/syn/auxx/gui/common/dialogs/PathsBasicInfo.tcl
/eda/synopsys/syn/auxx/gui/common/dialogs/PathsBasicSimpleInfo.tcl
/eda/synopsys/syn/auxx/gui/common/dialogs/SlctOperationInfo.tcl
/eda/synopsys/syn/auxx/gui/common/dialogs/ObjectListInfo.tcl
/eda/synopsys/syn/auxx/gui/common/dialogs/FanInOutInfo.tcl
/eda/synopsys/syn/auxx/gui/common/dialogs/NumberOfLevelsChooser.tcl
/eda/synopsys/syn/auxx/gui/common/dialogs/WindowReuseInfo.tcl
/eda/synopsys/syn/auxx/gui/common/dialogs/ReportOutputOptionInfo.tcl
/eda/synopsys/syn/auxx/gui/common/setup/snpsCollections.tcl
/eda/synopsys/syn/auxx/gui/common/dialogs/CompileLinkDesign.tcl
/eda/synopsys/syn/auxx/gui/common/histogram/base.tcl
/eda/synopsys/syn/auxx/gui/common/histogram/DialogNetCapacitance.tcl
/eda/synopsys/syn/auxx/gui/common/schematic/DialogPathSchematicFanInOut.tcl
/eda/synopsys/syn/auxx/gui/common/schematic/DialogPathSchematicAddPaths.tcl
/home/jy1u25/design/chip/synthesis/scrip_synthesis_sync_scan.tcl
/home/jy1u25/design/chip/behavioural/options.sv
/home/jy1u25/design/chip/behavioural/options.sv
/home/jy1u25/design/chip/behavioural/options.sv
/home/jy1u25/design/chip/behavioural/options.sv
/home/jy1u25/design/chip/behavioural/anemometer.sv
/home/jy1u25/design/chip/behavioural/clock_divider.sv
/home/jy1u25/design/chip/behavioural/dual_button_detector.sv
/home/jy1u25/design/chip/behavioural/elapsed_time_counter.sv
/home/jy1u25/design/chip/behavioural/lcd.sv
/home/jy1u25/design/chip/behavioural/lcd_formatter_8x1.sv
/home/jy1u25/design/chip/behavioural/main_fsm.sv
/home/jy1u25/design/chip/behavioural/options.sv
/home/jy1u25/design/chip/behavioural/rain_gauge.sv
/home/jy1u25/design/chip/behavioural/time_counters.sv
/home/jy1u25/design/chip/behavioural/weather_core.sv
/home/jy1u25/design/chip/behavioural/wind_direction.sv
/home/jy1u25/design/chip/behavioural/pressure_temperature_core.sv
/home/jy1u25/design/chip/behavioural/weather.sv
/opt/cad/designkits/ams/v410/synopsys/c35_3.3V/c35_CORELIB_WC.db
/opt/cad/designkits/ams/v410/synopsys/c35_3.3V/c35_IOLIB_WC.db
/opt/cad/designkits/ams/v410/synopsys/c35_3.3V/c35_IOLIBV5_WC.db
/eda/synopsys/syn/libraries/syn/gtech.db
/eda/synopsys/syn/libraries/syn/standard.sldb
/opt/cad/designkits/ams/v410/synopsys/c35_3.3V/c35_IOLIB_WC.db
/opt/cad/designkits/ams/v410/synopsys/c35_3.3V/c35_IOLIBV5_WC.db
/opt/cad/designkits/ams/v410/synopsys/c35_3.3V/c35_CORELIB_WC.db
/home/jy1u25/design/chip/synthesis/weather_CONTROL_FORCE.v
/home/jy1u25/design/chip/synthesis/weather_CONTROL_FORCE.v
